[+] Containers:
 |- [+] Container: /Game/FirstPerson/Maps/FirstPersonMap
 |   |- [+] ActorDescs:
 |   |   |- Guid:00BAF4774AF7438A960D808B79394F2D BaseClass: NativeClass:/Script/Engine.SkeletalMeshActor Name:SkeletalMeshActor_UAID_18C04D354C1AA82502_1845489143 Label:cajanegra SpatiallyLoaded:1 Bounds:IsValid=true, Min=(X=283.414 Y=1835.342 Z=20.063), Max=(X=355.982 Y=1905.079 Z=148.395) RuntimeGrid:None EditorOnly:0 RuntimeOnly:0 HLODRelevant:0 ListedInSceneOutliner:1 IsMainWorldOnly:0 FolderPath:Playground/Maquinas/CajaNegra FolderGuid:D796A28447A6ABA46CD09B8653B9AF35
 |   |   |- Guid:02C5716A4CE37B612CB4499A8B6196BE BaseClass: NativeClass:/Script/Engine.StaticMeshActor Name:StaticMeshActor_UAID_18C04D354C1AA82502_1183701136 Label:Wall_400x400 SpatiallyLoaded:1 Bounds:IsValid=true, Min=(X=100.000 Y=800.000 Z=25.063), Max=(X=500.000 Y=820.000 Z=425.063) RuntimeGrid:None EditorOnly:0 RuntimeOnly:0 HLODRelevant:1 ListedInSceneOutliner:1 IsMainWorldOnly:0 FolderPath:Playground/Entorno FolderGuid:98F5E18442EFEFAF2580C29E54726DFA
 |   |   |- Guid:02F209FA41ED527E727B898F52B6ACA7 BaseClass:/Game/Explorer/Blueprints/BP_cajanegra.BP_cajanegra_C NativeClass:/Script/Engine.Actor Name:BP_cajanegra_C_UAID_B4B5B6801FFD642E02_1848939683 Label:BP_cajanegra SpatiallyLoaded:1 Bounds:IsValid=true, Min=(X=995.600 Y=2350.400 Z=12.179), Max=(X=1144.400 Y=2429.600 Z=155.773) RuntimeGrid:None EditorOnly:0 RuntimeOnly:0 HLODRelevant:0 ListedInSceneOutliner:1 IsMainWorldOnly:0
 |   |   |- Guid:0490879441CF34B7F1D3F5993B30879A BaseClass: NativeClass:/Script/Engine.StaticMeshActor Name:StaticMeshActor_UAID_18C04D354C1ABA2502_1600243343 Label:Wall_400x412 SpatiallyLoaded:1 Bounds:IsValid=true, Min=(X=1603.658 Y=1454.570 Z=25.063), Max=(X=1999.782 Y=1474.570 Z=425.063) RuntimeGrid:None EditorOnly:0 RuntimeOnly:0 HLODRelevant:1 ListedInSceneOutliner:1 IsMainWorldOnly:0 FolderPath:Playground/Entorno FolderGuid:98F5E18442EFEFAF2580C29E54726DFA
 |   |   |- Guid:0C23EAE3458713C47B0E839F415DBBA4 BaseClass: NativeClass:/Script/Engine.StaticMeshActor Name:StaticMeshActor_UAID_B4B5B6801FFDF62F02_2109228424 Label:Cube SpatiallyLoaded:1 Bounds:IsValid=true, Min=(X=1200.000 Y=0.000 Z=2.500), Max=(X=1300.000 Y=100.000 Z=577.500) RuntimeGrid:None EditorOnly:0 RuntimeOnly:0 HLODRelevant:1 ListedInSceneOutliner:1 IsMainWorldOnly:0
 |   |   |- Guid:148417AE41A3C7F8E92C38BECF9A6A2F BaseClass: NativeClass:/Script/Engine.StaticMeshActor Name:StaticMeshActor_UAID_18C04D354C1ABA2502_1600248344 Label:Wall_Door_400x402 SpatiallyLoaded:1 Bounds:IsValid=true, Min=(X=1603.564 Y=791.335 Z=25.063), Max=(X=2003.564 Y=811.336 Z=425.063) RuntimeGrid:None EditorOnly:0 RuntimeOnly:0 HLODRelevant:1 ListedInSceneOutliner:1 IsMainWorldOnly:0 FolderPath:Playground/Entorno FolderGuid:98F5E18442EFEFAF2580C29E54726DFA
 |   |   |- Guid:19EE34ED4DAB140070018A89E9E47E5F BaseClass: NativeClass:/Script/Engine.StaticMeshActor Name:StaticMeshActor_UAID_B4B5B6801FFDF72F02_1264996608 Label:Cube9 SpatiallyLoaded:1 Bounds:IsValid=true, Min=(X=1600.000 Y=0.000 Z=2.500), Max=(X=1700.000 Y=100.000 Z=577.500) RuntimeGrid:None EditorOnly:0 RuntimeOnly:0 HLODRelevant:1 ListedInSceneOutliner:1 IsMainWorldOnly:0
 |   |   |- Guid:1A4CCF2548EFEE97D4F97B8B90878D09 BaseClass: NativeClass:/Script/Engine.StaticMeshActor Name:StaticMeshActor_UAID_18C04D354C1ABA2502_1430499341 Label:Wall_Door_400x401 SpatiallyLoaded:1 Bounds:IsValid=true, Min=(X=1219.712 Y=791.335 Z=25.063), Max=(X=1619.712 Y=811.336 Z=425.063) RuntimeGrid:None EditorOnly:0 RuntimeOnly:0 HLODRelevant:1 ListedInSceneOutliner:1 IsMainWorldOnly:0 FolderPath:Playground/Entorno FolderGuid:98F5E18442EFEFAF2580C29E54726DFA
 |   |   |- Guid:21347AA04B403F36D27EEE97266F5AA7 BaseClass:/Game/Explorer/Blueprints/BP_tanques.BP_tanques_C NativeClass:/Script/Engine.Actor Name:BP_tanques_C_UAID_B4B5B6801FFD612E02_2129582149 Label:BP_tanques3 SpatiallyLoaded:1 Bounds:IsValid=true, Min=(X=285.241 Y=1923.059 Z=-4.436), Max=(X=600.000 Y=2151.996 Z=357.731) RuntimeGrid:None EditorOnly:0 RuntimeOnly:0 HLODRelevant:0 ListedInSceneOutliner:1 IsMainWorldOnly:0
 |   |   |- Guid:22CA745541E34A7D9C1AD0B3C1246C04 BaseClass: NativeClass:/Script/Engine.StaticMeshActor Name:StaticMeshActor_UAID_B4B5B6801FFDF72F02_1237607606 Label:Cube7 SpatiallyLoaded:1 Bounds:IsValid=true, Min=(X=900.000 Y=0.000 Z=2.500), Max=(X=1000.000 Y=100.000 Z=577.500) RuntimeGrid:None EditorOnly:0 RuntimeOnly:0 HLODRelevant:1 ListedInSceneOutliner:1 IsMainWorldOnly:0
 |   |   |- Guid:28ABD8B54ED98ACE3C5A42ABCAF211E1 BaseClass: NativeClass:/Script/Engine.StaticMeshActor Name:StaticMeshActor_UAID_18C04D354C1AA92502_1327101321 Label:Wall_400x402 SpatiallyLoaded:1 Bounds:IsValid=true, Min=(X=100.000 Y=2640.000 Z=25.063), Max=(X=500.000 Y=2660.000 Z=425.063) RuntimeGrid:None EditorOnly:0 RuntimeOnly:0 HLODRelevant:1 ListedInSceneOutliner:1 IsMainWorldOnly:0 FolderPath:Playground/Entorno FolderGuid:98F5E18442EFEFAF2580C29E54726DFA
 |   |   |- Guid:29200593433867F4BFD87A88F91F2B5D BaseClass:/Game/Explorer/Blueprints/BP_tanques.BP_tanques_C NativeClass:/Script/Engine.Actor Name:BP_tanques_C_UAID_B4B5B6801FFD622E02_1124128326 Label:BP_tanques4 SpatiallyLoaded:1 Bounds:IsValid=true, Min=(X=860.000 Y=2018.003 Z=-4.436), Max=(X=1174.759 Y=2246.941 Z=357.731) RuntimeGrid:None EditorOnly:0 RuntimeOnly:0 HLODRelevant:0 ListedInSceneOutliner:1 IsMainWorldOnly:0
 |   |   |- Guid:38D8DB2747E5173E32652485EFF7FAA1 BaseClass: NativeClass:/Script/Engine.StaticMeshActor Name:StaticMeshActor_UAID_18C04D354C1AAA2502_1642495509 Label:Wall_400x408 SpatiallyLoaded:1 Bounds:IsValid=true, Min=(X=1220.691 Y=2063.475 Z=25.063), Max=(X=1620.691 Y=2083.475 Z=425.063) RuntimeGrid:None EditorOnly:0 RuntimeOnly:0 HLODRelevant:1 ListedInSceneOutliner:1 IsMainWorldOnly:0 FolderPath:Playground/Entorno FolderGuid:98F5E18442EFEFAF2580C29E54726DFA
 |   |   |- Guid:47C021234B8614213C6DC4A085A556D0 BaseClass: NativeClass:/Script/Engine.StaticMeshActor Name:StaticMeshActor_UAID_B4B5B6801FFDF72F02_1217308604 Label:Cube5 SpatiallyLoaded:1 Bounds:IsValid=true, Min=(X=1000.000 Y=0.000 Z=2.500), Max=(X=1100.000 Y=100.000 Z=577.500) RuntimeGrid:None EditorOnly:0 RuntimeOnly:0 HLODRelevant:1 ListedInSceneOutliner:1 IsMainWorldOnly:0
 |   |   |- Guid:4F7A4AF54651E38A8D024DBA27BEA5BD BaseClass: NativeClass:/Script/Engine.StaticMeshActor Name:StaticMeshActor_UAID_18C04D354C1AB92502_1630368158 Label:Wall_400x406 SpatiallyLoaded:1 Bounds:IsValid=true, Min=(X=1219.525 Y=2063.923 Z=25.063), Max=(X=1239.525 Y=3298.976 Z=425.063) RuntimeGrid:None EditorOnly:0 RuntimeOnly:0 HLODRelevant:1 ListedInSceneOutliner:1 IsMainWorldOnly:0 FolderPath:Playground/Entorno FolderGuid:98F5E18442EFEFAF2580C29E54726DFA
 |   |   |- Guid:4FE7BD804D329D4BFD29669037B22A87 BaseClass: NativeClass:/Script/Engine.StaticMeshActor Name:StaticMeshActor_UAID_18C04D354C1AAA2502_1744066511 Label:Wall_400x410 SpatiallyLoaded:1 Bounds:IsValid=true, Min=(X=1599.701 Y=1455.493 Z=25.901), Max=(X=1619.815 Y=2085.179 Z=425.901) RuntimeGrid:None EditorOnly:0 RuntimeOnly:0 HLODRelevant:1 ListedInSceneOutliner:1 IsMainWorldOnly:0 FolderPath:Playground/Entorno FolderGuid:98F5E18442EFEFAF2580C29E54726DFA
 |   |   |- Guid:56728ED54BA05A095D65F49FF71E9D32 BaseClass: NativeClass:/Script/Engine.StaticMeshActor Name:StaticMeshActor_UAID_18C04D354C1AB92502_1773533160 Label:Wall_Door_400x400 SpatiallyLoaded:1 Bounds:IsValid=true, Min=(X=1219.521 Y=1672.118 Z=25.063), Max=(X=1242.218 Y=2072.118 Z=425.063) RuntimeGrid:None EditorOnly:0 RuntimeOnly:0 HLODRelevant:1 ListedInSceneOutliner:1 IsMainWorldOnly:0 FolderPath:Playground/Entorno FolderGuid:98F5E18442EFEFAF2580C29E54726DFA
 |   |   |- Guid:5B7D47E64DE89ED856BB6F848271EEB7 BaseClass: NativeClass:/Script/Engine.StaticMeshActor Name:StaticMeshActor_UAID_B4B5B6801FFDF72F02_1193576602 Label:Cube3 SpatiallyLoaded:1 Bounds:IsValid=true, Min=(X=1100.000 Y=0.000 Z=2.500), Max=(X=1200.000 Y=100.000 Z=577.500) RuntimeGrid:None EditorOnly:0 RuntimeOnly:0 HLODRelevant:1 ListedInSceneOutliner:1 IsMainWorldOnly:0
 |   |   |- Guid:5FE7584649BB6F09265329A6C57CFD0D BaseClass: NativeClass:/Script/Engine.VolumetricCloud Name:VolumetricCloud_0 Label:VolumetricCloud SpatiallyLoaded:0 Bounds:IsValid=true, Min=(X=0.000 Y=0.000 Z=820.000), Max=(X=0.000 Y=0.000 Z=820.000) RuntimeGrid:None EditorOnly:0 RuntimeOnly:0 HLODRelevant:0 ListedInSceneOutliner:1 IsMainWorldOnly:0 FolderPath:Lighting FolderGuid:0BA5F0A04EADB18E70D5B180D08FA34B
 |   |   |- Guid:61391D344900612A77DFC3BA3E354907 BaseClass: NativeClass:/Script/Engine.ExponentialHeightFog Name:ExponentialHeightFog_0 Label:ExponentialHeightFog SpatiallyLoaded:0 Bounds:IsValid=true, Min=(X=-5600.000 Y=-50.000 Z=-6850.000), Max=(X=-5600.000 Y=-50.000 Z=-6850.000) RuntimeGrid:None EditorOnly:0 RuntimeOnly:0 HLODRelevant:0 ListedInSceneOutliner:1 IsMainWorldOnly:0 FolderPath:Lighting FolderGuid:0BA5F0A04EADB18E70D5B180D08FA34B
 |   |   |- Guid:619BD26144401D7A8934F9BE3FAD6941 BaseClass:/Game/Explorer/Blueprints/BP_molienda.BP_molienda_C NativeClass:/Script/Engine.Actor Name:BP_molienda_C_UAID_B4B5B6801FFD642E02_1088422681 Label:BP_molienda SpatiallyLoaded:1 Bounds:IsValid=true, Min=(X=1425.653 Y=1856.000 Z=-14.000), Max=(X=1591.013 Y=2064.000 Z=194.000) RuntimeGrid:None EditorOnly:0 RuntimeOnly:0 HLODRelevant:0 ListedInSceneOutliner:1 IsMainWorldOnly:0
 |   |   |- Guid:6E581F8849560842859308AAA74309E3 BaseClass: NativeClass:/Script/Engine.StaticMeshActor Name:StaticMeshActor_UAID_18C04D354C1AA92502_1485864324 Label:Wall_400x404 SpatiallyLoaded:1 Bounds:IsValid=true, Min=(X=100.000 Y=3280.000 Z=25.063), Max=(X=1251.847 Y=3300.000 Z=425.063) RuntimeGrid:None EditorOnly:0 RuntimeOnly:0 HLODRelevant:1 ListedInSceneOutliner:1 IsMainWorldOnly:0 FolderPath:Playground/Entorno FolderGuid:98F5E18442EFEFAF2580C29E54726DFA
 |   |   |- Guid:6FEFB3BD4EB37B849EF0D4AC80F83855 BaseClass: NativeClass:/Script/Engine.WorldDataLayers Name:WorldDataLayers Label:WorldDataLayers SpatiallyLoaded:0 Bounds:Invalid RuntimeGrid:None EditorOnly:0 RuntimeOnly:0 HLODRelevant:0 ListedInSceneOutliner:1 IsMainWorldOnly:1
 |   |   |- Guid:78CAF7514C7533F30BD2F19A017AAB65 BaseClass: NativeClass:/Script/Engine.StaticMeshActor Name:StaticMeshActor_0 Label:SM_Cube SpatiallyLoaded:1 Bounds:IsValid=true, Min=(X=0.000 Y=0.000 Z=-50.000), Max=(X=3000.000 Y=3500.000 Z=0.000) RuntimeGrid:None EditorOnly:0 RuntimeOnly:0 HLODRelevant:1 ListedInSceneOutliner:1 IsMainWorldOnly:0 FolderPath:Playground FolderGuid:6C02BB504B69D1F3D7A624B130C18E5B
 |   |   |- Guid:7D51A62B4FCAAE7EA926209D633DDEB6 BaseClass: NativeClass:/Script/Engine.StaticMeshActor Name:StaticMeshActor_UAID_18C04D354C1AAA2502_1719171510 Label:Wall_400x409 SpatiallyLoaded:1 Bounds:IsValid=true, Min=(X=1219.806 Y=1454.570 Z=25.063), Max=(X=1615.930 Y=1474.570 Z=425.063) RuntimeGrid:None EditorOnly:0 RuntimeOnly:0 HLODRelevant:1 ListedInSceneOutliner:1 IsMainWorldOnly:0 FolderPath:Playground/Entorno FolderGuid:98F5E18442EFEFAF2580C29E54726DFA
 |   |   |- Guid:7E7C764A447D6D43C432AC859F626004 BaseClass: NativeClass:/Script/Engine.StaticMeshActor Name:StaticMeshActor_UAID_18C04D354C1AA82502_1212039137 Label:Wall_400x401 SpatiallyLoaded:1 Bounds:IsValid=true, Min=(X=100.000 Y=800.000 Z=25.063), Max=(X=120.000 Y=3297.917 Z=425.063) RuntimeGrid:None EditorOnly:0 RuntimeOnly:0 HLODRelevant:1 ListedInSceneOutliner:1 IsMainWorldOnly:0 FolderPath:Playground/Entorno FolderGuid:98F5E18442EFEFAF2580C29E54726DFA
 |   |   |- Guid:9195B9B9499FBF2A44CF1DBC7DF4BADA BaseClass:/Game/Explorer/Blueprints/BP_cajonesliquidos.BP_cajonesliquidos_C NativeClass:/Script/Engine.Actor Name:BP_cajonesliquidos_C_UAID_B4B5B6801FFD652E02_1579682860 Label:BP_cajonesliquidos SpatiallyLoaded:1 Bounds:IsValid=true, Min=(X=255.252 Y=2163.881 Z=-11.766), Max=(X=530.000 Y=2513.921 Z=296.631) RuntimeGrid:None EditorOnly:0 RuntimeOnly:0 HLODRelevant:0 ListedInSceneOutliner:1 IsMainWorldOnly:0
 |   |   |- Guid:9F679D44464778989F9F5AB3CB787F9B BaseClass: NativeClass:/Script/Engine.StaticMeshActor Name:StaticMeshActor_UAID_18C04D354C1ABA2502_1516918342 Label:Wall_400x411 SpatiallyLoaded:1 Bounds:IsValid=true, Min=(X=1600.048 Y=801.544 Z=25.063), Max=(X=1620.048 Y=1473.351 Z=425.063) RuntimeGrid:None EditorOnly:0 RuntimeOnly:0 HLODRelevant:1 ListedInSceneOutliner:1 IsMainWorldOnly:0 FolderPath:Playground/Entorno FolderGuid:98F5E18442EFEFAF2580C29E54726DFA
 |   |   |- Guid:A354B1B24E617A525DC6B48CCDE2417E BaseClass: NativeClass:/Script/Engine.PlayerStart Name:PlayerStart_0 Label:PlayerStart SpatiallyLoaded:0 Bounds:IsValid=true, Min=(X=860.000 Y=810.000 Z=0.013), Max=(X=940.000 Y=890.000 Z=184.013) RuntimeGrid:None EditorOnly:0 RuntimeOnly:0 HLODRelevant:0 ListedInSceneOutliner:1 IsMainWorldOnly:0
 |   |   |- Guid:A9F44A7448752B69814175ACD6804A89 BaseClass:/Game/Explorer/Blueprints/BP_etiquetadora.BP_etiquetadora_C NativeClass:/Script/Engine.Actor Name:BP_etiquetadora_C_UAID_B4B5B6801FFD652E02_2078616861 Label:BP_etiquetadora SpatiallyLoaded:1 Bounds:IsValid=true, Min=(X=481.606 Y=2592.779 Z=-26.346), Max=(X=752.000 Y=2927.347 Z=238.227) RuntimeGrid:None EditorOnly:0 RuntimeOnly:0 HLODRelevant:0 ListedInSceneOutliner:1 IsMainWorldOnly:0
 |   |   |- Guid:B2E9AB3948076BE936E4A2B9EFBCACB9 BaseClass:/Game/Explorer/Blueprints/BP_enlatadora.BP_enlatadora_C NativeClass:/Script/Engine.Actor Name:BP_enlatadora_C_UAID_B4B5B6801FFD662E02_1642455038 Label:BP_enlatadora SpatiallyLoaded:1 Bounds:IsValid=true, Min=(X=490.895 Y=2909.471 Z=21.389), Max=(X=771.254 Y=3278.775 Z=262.000) RuntimeGrid:None EditorOnly:0 RuntimeOnly:0 HLODRelevant:0 ListedInSceneOutliner:1 IsMainWorldOnly:0
 |   |   |- Guid:C0C56B9644AE3D40CAFF6A878DB29844 BaseClass: NativeClass:/Script/Engine.StaticMeshActor Name:StaticMeshActor_UAID_A4AE111137DC5EFB00_2001720423 Label:SM_SkySphere SpatiallyLoaded:0 Bounds:IsValid=true, Min=(X=-1638400.000 Y=-1638400.000 Z=-1638400.000), Max=(X=1638400.000 Y=1638400.000 Z=1638400.000) RuntimeGrid:None EditorOnly:0 RuntimeOnly:0 HLODRelevant:0 ListedInSceneOutliner:1 IsMainWorldOnly:0 FolderPath:Lighting FolderGuid:0BA5F0A04EADB18E70D5B180D08FA34B
 |   |   |- Guid:C1E4B35744900DC6F0E9A09EA84196C9 BaseClass: NativeClass:/Script/Engine.StaticMeshActor Name:StaticMeshActor_UAID_B4B5B6801FFDF72F02_1162580601 Label:Cube2 SpatiallyLoaded:1 Bounds:IsValid=true, Min=(X=1300.000 Y=0.000 Z=2.500), Max=(X=1400.000 Y=100.000 Z=577.500) RuntimeGrid:None EditorOnly:0 RuntimeOnly:0 HLODRelevant:1 ListedInSceneOutliner:1 IsMainWorldOnly:0
 |   |   |- Guid:C22CE07C4B87D685137FDBBC10FC92C6 BaseClass: NativeClass:/Script/Engine.SkyAtmosphere Name:SkyAtmosphere_0 Label:SkyAtmosphere SpatiallyLoaded:0 Bounds:IsValid=true, Min=(X=0.000 Y=0.000 Z=1020.000), Max=(X=0.000 Y=0.000 Z=1020.000) RuntimeGrid:None EditorOnly:0 RuntimeOnly:0 HLODRelevant:0 ListedInSceneOutliner:1 IsMainWorldOnly:0 FolderPath:Lighting FolderGuid:0BA5F0A04EADB18E70D5B180D08FA34B
 |   |   |- Guid:C2B705F94A8CFF5E5D9455BEDD7F5DAC BaseClass:/Game/Explorer/Blueprints/BP_olla.BP_olla_C NativeClass:/Script/Engine.Actor Name:BP_olla_C_UAID_B4B5B6801FFD632E02_1191035504 Label:BP_olla SpatiallyLoaded:1 Bounds:IsValid=true, Min=(X=986.750 Y=1237.500 Z=3.662), Max=(X=1210.340 Y=1562.500 Z=207.471) RuntimeGrid:None EditorOnly:0 RuntimeOnly:0 HLODRelevant:0 ListedInSceneOutliner:1 IsMainWorldOnly:0
 |   |   |- Guid:C7EC8E234BAFC40D8E0CBFAB1CA86D18 BaseClass: NativeClass:/Script/Engine.StaticMeshActor Name:StaticMeshActor_UAID_B4B5B6801FFDF72F02_1205091603 Label:Cube4 SpatiallyLoaded:1 Bounds:IsValid=true, Min=(X=1400.000 Y=0.000 Z=2.500), Max=(X=1500.000 Y=100.000 Z=577.500) RuntimeGrid:None EditorOnly:0 RuntimeOnly:0 HLODRelevant:1 ListedInSceneOutliner:1 IsMainWorldOnly:0
 |   |   |- Guid:C9B3714E4941FF4F2F15919CCBC68BB8 BaseClass: NativeClass:/Script/Engine.StaticMeshActor Name:StaticMeshActor_UAID_B4B5B6801FFDF72F02_1249355607 Label:Cube8 SpatiallyLoaded:1 Bounds:IsValid=true, Min=(X=800.000 Y=0.000 Z=2.500), Max=(X=900.000 Y=100.000 Z=577.500) RuntimeGrid:None EditorOnly:0 RuntimeOnly:0 HLODRelevant:1 ListedInSceneOutliner:1 IsMainWorldOnly:0
 |   |   |- Guid:CBBEA8FA437C6E7201DF8D823900CEF5 BaseClass:/Game/Explorer/Blueprints/BP_tanques.BP_tanques_C NativeClass:/Script/Engine.Actor Name:BP_tanques_C_UAID_B4B5B6801FFD612E02_2026584148 Label:BP_tanques2 SpatiallyLoaded:1 Bounds:IsValid=true, Min=(X=285.241 Y=1533.059 Z=-4.436), Max=(X=600.000 Y=1761.996 Z=357.731) RuntimeGrid:None EditorOnly:0 RuntimeOnly:0 HLODRelevant:0 ListedInSceneOutliner:1 IsMainWorldOnly:0
 |   |   |- Guid:CBF8FB5D43660A4F16EC668D0C35B925 BaseClass: NativeClass:/Script/Engine.StaticMeshActor Name:StaticMeshActor_UAID_18C04D354C1AA82502_1742368142 Label:Pillar_50x500 SpatiallyLoaded:1 Bounds:IsValid=true, Min=(X=353.259 Y=1815.086 Z=25.063), Max=(X=466.741 Y=1924.914 Z=430.651) RuntimeGrid:None EditorOnly:0 RuntimeOnly:0 HLODRelevant:1 ListedInSceneOutliner:1 IsMainWorldOnly:0 FolderPath:Playground/Entorno FolderGuid:98F5E18442EFEFAF2580C29E54726DFA
 |   |   |- Guid:CD0130614FF36853376926ABB2A482BB BaseClass: NativeClass:/Script/Engine.StaticMeshActor Name:StaticMeshActor_UAID_B4B5B6801FFDF72F02_1276265609 Label:Cube10 SpatiallyLoaded:1 Bounds:IsValid=true, Min=(X=1700.000 Y=0.000 Z=2.500), Max=(X=1800.000 Y=100.000 Z=577.500) RuntimeGrid:None EditorOnly:0 RuntimeOnly:0 HLODRelevant:1 ListedInSceneOutliner:1 IsMainWorldOnly:0
 |   |   |- Guid:D1F7E87F47B0102A7DC45788C8B7C526 BaseClass: NativeClass:/Script/Engine.StaticMeshActor Name:StaticMeshActor_UAID_18C04D354C1AA92502_1520296325 Label:Wall_400x405 SpatiallyLoaded:1 Bounds:IsValid=true, Min=(X=100.000 Y=1170.000 Z=25.063), Max=(X=500.000 Y=1190.000 Z=425.063) RuntimeGrid:None EditorOnly:0 RuntimeOnly:0 HLODRelevant:1 ListedInSceneOutliner:1 IsMainWorldOnly:0 FolderPath:Playground/Entorno FolderGuid:98F5E18442EFEFAF2580C29E54726DFA
 |   |   |- Guid:DF525DA2405B5357A660C9A7709F15F4 BaseClass: NativeClass:/Script/Engine.StaticMeshActor Name:StaticMeshActor_UAID_18C04D354C1AA92502_1401250323 Label:Wall_400x403 SpatiallyLoaded:1 Bounds:IsValid=true, Min=(X=500.000 Y=2640.000 Z=25.063), Max=(X=520.000 Y=3300.036 Z=425.063) RuntimeGrid:None EditorOnly:0 RuntimeOnly:0 HLODRelevant:1 ListedInSceneOutliner:1 IsMainWorldOnly:0 FolderPath:Playground/Entorno FolderGuid:98F5E18442EFEFAF2580C29E54726DFA
 |   |   |- Guid:E35899254D63DD60211484AB4316EFF6 BaseClass: NativeClass:/Script/Engine.StaticMeshActor Name:StaticMeshActor_UAID_18C04D354C1AA72502_2014763959 Label:Floor_400x400 SpatiallyLoaded:1 Bounds:IsValid=true, Min=(X=100.000 Y=800.000 Z=-5.947), Max=(X=2003.900 Y=3300.000 Z=25.063) RuntimeGrid:None EditorOnly:0 RuntimeOnly:0 HLODRelevant:1 ListedInSceneOutliner:1 IsMainWorldOnly:0 FolderPath:Playground/Entorno FolderGuid:98F5E18442EFEFAF2580C29E54726DFA
 |   |   |- Guid:E4F65940459DF4D624FDE2A872A5C87D BaseClass:/Game/Explorer/Blueprints/BP_tanques.BP_tanques_C NativeClass:/Script/Engine.Actor Name:BP_tanques_C_UAID_B4B5B6801FFD622E02_1294640327 Label:BP_tanques5 SpatiallyLoaded:1 Bounds:IsValid=true, Min=(X=870.000 Y=2508.003 Z=-4.436), Max=(X=1184.759 Y=2736.941 Z=357.731) RuntimeGrid:None EditorOnly:0 RuntimeOnly:0 HLODRelevant:0 ListedInSceneOutliner:1 IsMainWorldOnly:0
 |   |   |- Guid:E5320C1B4FD9764CE7B54D8487AEC613 BaseClass: NativeClass:/Script/Engine.SkyLight Name:SkyLight_0 Label:SkyLight SpatiallyLoaded:0 Bounds:IsValid=true, Min=(X=0.000 Y=0.000 Z=690.000), Max=(X=0.000 Y=0.000 Z=690.000) RuntimeGrid:None EditorOnly:0 RuntimeOnly:0 HLODRelevant:0 ListedInSceneOutliner:1 IsMainWorldOnly:0 FolderPath:Lighting FolderGuid:0BA5F0A04EADB18E70D5B180D08FA34B
 |   |   |- Guid:E58D7AA74386F79D780829ABFAD8D845 BaseClass: NativeClass:/Script/Engine.StaticMeshActor Name:StaticMeshActor_UAID_18C04D354C1ABA2502_1600252345 Label:Wall_400x413 SpatiallyLoaded:1 Bounds:IsValid=true, Min=(X=1983.900 Y=801.544 Z=25.063), Max=(X=2003.900 Y=1473.351 Z=425.063) RuntimeGrid:None EditorOnly:0 RuntimeOnly:0 HLODRelevant:1 ListedInSceneOutliner:1 IsMainWorldOnly:0 FolderPath:Playground/Entorno FolderGuid:98F5E18442EFEFAF2580C29E54726DFA
 |   |   |- Guid:F0E557904C6F1522462AA995EC39D148 BaseClass: NativeClass:/Script/Engine.StaticMeshActor Name:StaticMeshActor_UAID_B4B5B6801FFDF72F02_1224540605 Label:Cube6 SpatiallyLoaded:1 Bounds:IsValid=true, Min=(X=1500.000 Y=0.000 Z=2.500), Max=(X=1600.000 Y=100.000 Z=577.500) RuntimeGrid:None EditorOnly:0 RuntimeOnly:0 HLODRelevant:1 ListedInSceneOutliner:1 IsMainWorldOnly:0
 |   |   |- Guid:F32A9F7B4CC513B7B1C96E9F54425A64 BaseClass: NativeClass:/Script/Engine.StaticMeshActor Name:StaticMeshActor_UAID_18C04D354C1AB92502_1681367159 Label:Wall_400x407 SpatiallyLoaded:1 Bounds:IsValid=true, Min=(X=1219.525 Y=800.569 Z=25.063), Max=(X=1239.525 Y=1692.592 Z=425.063) RuntimeGrid:None EditorOnly:0 RuntimeOnly:0 HLODRelevant:1 ListedInSceneOutliner:1 IsMainWorldOnly:0 FolderPath:Playground/Entorno FolderGuid:98F5E18442EFEFAF2580C29E54726DFA
 |   |   |- Guid:F421507649A3813B1E7D54839215D040 BaseClass:/Game/Explorer/Blueprints/BP_tanques.BP_tanques_C NativeClass:/Script/Engine.Actor Name:BP_tanques_C_UAID_B4B5B6801FFD612E02_1942200147 Label:BP_tanques SpatiallyLoaded:1 Bounds:IsValid=true, Min=(X=285.241 Y=1293.059 Z=-4.436), Max=(X=600.000 Y=1521.996 Z=357.731) RuntimeGrid:None EditorOnly:0 RuntimeOnly:0 HLODRelevant:0 ListedInSceneOutliner:1 IsMainWorldOnly:0
 |   |   |- Guid:F80621C9446867154938FE81375207DA BaseClass: NativeClass:/Script/Engine.DirectionalLight Name:DirectionalLight_1 Label:DirectionalLight SpatiallyLoaded:0 Bounds:Invalid RuntimeGrid:None EditorOnly:0 RuntimeOnly:0 HLODRelevant:0 ListedInSceneOutliner:1 IsMainWorldOnly:0 FolderPath:Lighting FolderGuid:0BA5F0A04EADB18E70D5B180D08FA34B
 |   |- [+] Clusters:
 |   |   |- [+] [  0]
 |   |   |   |- Guid:00BAF4774AF7438A960D808B79394F2D BaseClass: NativeClass:/Script/Engine.SkeletalMeshActor Name:SkeletalMeshActor_UAID_18C04D354C1AA82502_1845489143 Label:cajanegra SpatiallyLoaded:1 Bounds:IsValid=true, Min=(X=283.414 Y=1835.342 Z=20.063), Max=(X=355.982 Y=1905.079 Z=148.395) RuntimeGrid:None EditorOnly:0 RuntimeOnly:0 HLODRelevant:0 ListedInSceneOutliner:1 IsMainWorldOnly:0 FolderPath:Playground/Maquinas/CajaNegra FolderGuid:D796A28447A6ABA46CD09B8653B9AF35
 |   |   |- [+] [  1]
 |   |   |   |- Guid:02C5716A4CE37B612CB4499A8B6196BE BaseClass: NativeClass:/Script/Engine.StaticMeshActor Name:StaticMeshActor_UAID_18C04D354C1AA82502_1183701136 Label:Wall_400x400 SpatiallyLoaded:1 Bounds:IsValid=true, Min=(X=100.000 Y=800.000 Z=25.063), Max=(X=500.000 Y=820.000 Z=425.063) RuntimeGrid:None EditorOnly:0 RuntimeOnly:0 HLODRelevant:1 ListedInSceneOutliner:1 IsMainWorldOnly:0 FolderPath:Playground/Entorno FolderGuid:98F5E18442EFEFAF2580C29E54726DFA
 |   |   |- [+] [  2]
 |   |   |   |- Guid:02F209FA41ED527E727B898F52B6ACA7 BaseClass:/Game/Explorer/Blueprints/BP_cajanegra.BP_cajanegra_C NativeClass:/Script/Engine.Actor Name:BP_cajanegra_C_UAID_B4B5B6801FFD642E02_1848939683 Label:BP_cajanegra SpatiallyLoaded:1 Bounds:IsValid=true, Min=(X=995.600 Y=2350.400 Z=12.179), Max=(X=1144.400 Y=2429.600 Z=155.773) RuntimeGrid:None EditorOnly:0 RuntimeOnly:0 HLODRelevant:0 ListedInSceneOutliner:1 IsMainWorldOnly:0
 |   |   |- [+] [  3]
 |   |   |   |- Guid:0490879441CF34B7F1D3F5993B30879A BaseClass: NativeClass:/Script/Engine.StaticMeshActor Name:StaticMeshActor_UAID_18C04D354C1ABA2502_1600243343 Label:Wall_400x412 SpatiallyLoaded:1 Bounds:IsValid=true, Min=(X=1603.658 Y=1454.570 Z=25.063), Max=(X=1999.782 Y=1474.570 Z=425.063) RuntimeGrid:None EditorOnly:0 RuntimeOnly:0 HLODRelevant:1 ListedInSceneOutliner:1 IsMainWorldOnly:0 FolderPath:Playground/Entorno FolderGuid:98F5E18442EFEFAF2580C29E54726DFA
 |   |   |- [+] [  4]
 |   |   |   |- Guid:0C23EAE3458713C47B0E839F415DBBA4 BaseClass: NativeClass:/Script/Engine.StaticMeshActor Name:StaticMeshActor_UAID_B4B5B6801FFDF62F02_2109228424 Label:Cube SpatiallyLoaded:1 Bounds:IsValid=true, Min=(X=1200.000 Y=0.000 Z=2.500), Max=(X=1300.000 Y=100.000 Z=577.500) RuntimeGrid:None EditorOnly:0 RuntimeOnly:0 HLODRelevant:1 ListedInSceneOutliner:1 IsMainWorldOnly:0
 |   |   |- [+] [  5]
 |   |   |   |- Guid:148417AE41A3C7F8E92C38BECF9A6A2F BaseClass: NativeClass:/Script/Engine.StaticMeshActor Name:StaticMeshActor_UAID_18C04D354C1ABA2502_1600248344 Label:Wall_Door_400x402 SpatiallyLoaded:1 Bounds:IsValid=true, Min=(X=1603.564 Y=791.335 Z=25.063), Max=(X=2003.564 Y=811.336 Z=425.063) RuntimeGrid:None EditorOnly:0 RuntimeOnly:0 HLODRelevant:1 ListedInSceneOutliner:1 IsMainWorldOnly:0 FolderPath:Playground/Entorno FolderGuid:98F5E18442EFEFAF2580C29E54726DFA
 |   |   |- [+] [  6]
 |   |   |   |- Guid:19EE34ED4DAB140070018A89E9E47E5F BaseClass: NativeClass:/Script/Engine.StaticMeshActor Name:StaticMeshActor_UAID_B4B5B6801FFDF72F02_1264996608 Label:Cube9 SpatiallyLoaded:1 Bounds:IsValid=true, Min=(X=1600.000 Y=0.000 Z=2.500), Max=(X=1700.000 Y=100.000 Z=577.500) RuntimeGrid:None EditorOnly:0 RuntimeOnly:0 HLODRelevant:1 ListedInSceneOutliner:1 IsMainWorldOnly:0
 |   |   |- [+] [  7]
 |   |   |   |- Guid:1A4CCF2548EFEE97D4F97B8B90878D09 BaseClass: NativeClass:/Script/Engine.StaticMeshActor Name:StaticMeshActor_UAID_18C04D354C1ABA2502_1430499341 Label:Wall_Door_400x401 SpatiallyLoaded:1 Bounds:IsValid=true, Min=(X=1219.712 Y=791.335 Z=25.063), Max=(X=1619.712 Y=811.336 Z=425.063) RuntimeGrid:None EditorOnly:0 RuntimeOnly:0 HLODRelevant:1 ListedInSceneOutliner:1 IsMainWorldOnly:0 FolderPath:Playground/Entorno FolderGuid:98F5E18442EFEFAF2580C29E54726DFA
 |   |   |- [+] [  8]
 |   |   |   |- Guid:21347AA04B403F36D27EEE97266F5AA7 BaseClass:/Game/Explorer/Blueprints/BP_tanques.BP_tanques_C NativeClass:/Script/Engine.Actor Name:BP_tanques_C_UAID_B4B5B6801FFD612E02_2129582149 Label:BP_tanques3 SpatiallyLoaded:1 Bounds:IsValid=true, Min=(X=285.241 Y=1923.059 Z=-4.436), Max=(X=600.000 Y=2151.996 Z=357.731) RuntimeGrid:None EditorOnly:0 RuntimeOnly:0 HLODRelevant:0 ListedInSceneOutliner:1 IsMainWorldOnly:0
 |   |   |- [+] [  9]
 |   |   |   |- Guid:22CA745541E34A7D9C1AD0B3C1246C04 BaseClass: NativeClass:/Script/Engine.StaticMeshActor Name:StaticMeshActor_UAID_B4B5B6801FFDF72F02_1237607606 Label:Cube7 SpatiallyLoaded:1 Bounds:IsValid=true, Min=(X=900.000 Y=0.000 Z=2.500), Max=(X=1000.000 Y=100.000 Z=577.500) RuntimeGrid:None EditorOnly:0 RuntimeOnly:0 HLODRelevant:1 ListedInSceneOutliner:1 IsMainWorldOnly:0
 |   |   |- [+] [ 10]
 |   |   |   |- Guid:28ABD8B54ED98ACE3C5A42ABCAF211E1 BaseClass: NativeClass:/Script/Engine.StaticMeshActor Name:StaticMeshActor_UAID_18C04D354C1AA92502_1327101321 Label:Wall_400x402 SpatiallyLoaded:1 Bounds:IsValid=true, Min=(X=100.000 Y=2640.000 Z=25.063), Max=(X=500.000 Y=2660.000 Z=425.063) RuntimeGrid:None EditorOnly:0 RuntimeOnly:0 HLODRelevant:1 ListedInSceneOutliner:1 IsMainWorldOnly:0 FolderPath:Playground/Entorno FolderGuid:98F5E18442EFEFAF2580C29E54726DFA
 |   |   |- [+] [ 11]
 |   |   |   |- Guid:29200593433867F4BFD87A88F91F2B5D BaseClass:/Game/Explorer/Blueprints/BP_tanques.BP_tanques_C NativeClass:/Script/Engine.Actor Name:BP_tanques_C_UAID_B4B5B6801FFD622E02_1124128326 Label:BP_tanques4 SpatiallyLoaded:1 Bounds:IsValid=true, Min=(X=860.000 Y=2018.003 Z=-4.436), Max=(X=1174.759 Y=2246.941 Z=357.731) RuntimeGrid:None EditorOnly:0 RuntimeOnly:0 HLODRelevant:0 ListedInSceneOutliner:1 IsMainWorldOnly:0
 |   |   |- [+] [ 12]
 |   |   |   |- Guid:38D8DB2747E5173E32652485EFF7FAA1 BaseClass: NativeClass:/Script/Engine.StaticMeshActor Name:StaticMeshActor_UAID_18C04D354C1AAA2502_1642495509 Label:Wall_400x408 SpatiallyLoaded:1 Bounds:IsValid=true, Min=(X=1220.691 Y=2063.475 Z=25.063), Max=(X=1620.691 Y=2083.475 Z=425.063) RuntimeGrid:None EditorOnly:0 RuntimeOnly:0 HLODRelevant:1 ListedInSceneOutliner:1 IsMainWorldOnly:0 FolderPath:Playground/Entorno FolderGuid:98F5E18442EFEFAF2580C29E54726DFA
 |   |   |- [+] [ 13]
 |   |   |   |- Guid:47C021234B8614213C6DC4A085A556D0 BaseClass: NativeClass:/Script/Engine.StaticMeshActor Name:StaticMeshActor_UAID_B4B5B6801FFDF72F02_1217308604 Label:Cube5 SpatiallyLoaded:1 Bounds:IsValid=true, Min=(X=1000.000 Y=0.000 Z=2.500), Max=(X=1100.000 Y=100.000 Z=577.500) RuntimeGrid:None EditorOnly:0 RuntimeOnly:0 HLODRelevant:1 ListedInSceneOutliner:1 IsMainWorldOnly:0
 |   |   |- [+] [ 14]
 |   |   |   |- Guid:4F7A4AF54651E38A8D024DBA27BEA5BD BaseClass: NativeClass:/Script/Engine.StaticMeshActor Name:StaticMeshActor_UAID_18C04D354C1AB92502_1630368158 Label:Wall_400x406 SpatiallyLoaded:1 Bounds:IsValid=true, Min=(X=1219.525 Y=2063.923 Z=25.063), Max=(X=1239.525 Y=3298.976 Z=425.063) RuntimeGrid:None EditorOnly:0 RuntimeOnly:0 HLODRelevant:1 ListedInSceneOutliner:1 IsMainWorldOnly:0 FolderPath:Playground/Entorno FolderGuid:98F5E18442EFEFAF2580C29E54726DFA
 |   |   |- [+] [ 15]
 |   |   |   |- Guid:4FE7BD804D329D4BFD29669037B22A87 BaseClass: NativeClass:/Script/Engine.StaticMeshActor Name:StaticMeshActor_UAID_18C04D354C1AAA2502_1744066511 Label:Wall_400x410 SpatiallyLoaded:1 Bounds:IsValid=true, Min=(X=1599.701 Y=1455.493 Z=25.901), Max=(X=1619.815 Y=2085.179 Z=425.901) RuntimeGrid:None EditorOnly:0 RuntimeOnly:0 HLODRelevant:1 ListedInSceneOutliner:1 IsMainWorldOnly:0 FolderPath:Playground/Entorno FolderGuid:98F5E18442EFEFAF2580C29E54726DFA
 |   |   |- [+] [ 16]
 |   |   |   |- Guid:56728ED54BA05A095D65F49FF71E9D32 BaseClass: NativeClass:/Script/Engine.StaticMeshActor Name:StaticMeshActor_UAID_18C04D354C1AB92502_1773533160 Label:Wall_Door_400x400 SpatiallyLoaded:1 Bounds:IsValid=true, Min=(X=1219.521 Y=1672.118 Z=25.063), Max=(X=1242.218 Y=2072.118 Z=425.063) RuntimeGrid:None EditorOnly:0 RuntimeOnly:0 HLODRelevant:1 ListedInSceneOutliner:1 IsMainWorldOnly:0 FolderPath:Playground/Entorno FolderGuid:98F5E18442EFEFAF2580C29E54726DFA
 |   |   |- [+] [ 17]
 |   |   |   |- Guid:5B7D47E64DE89ED856BB6F848271EEB7 BaseClass: NativeClass:/Script/Engine.StaticMeshActor Name:StaticMeshActor_UAID_B4B5B6801FFDF72F02_1193576602 Label:Cube3 SpatiallyLoaded:1 Bounds:IsValid=true, Min=(X=1100.000 Y=0.000 Z=2.500), Max=(X=1200.000 Y=100.000 Z=577.500) RuntimeGrid:None EditorOnly:0 RuntimeOnly:0 HLODRelevant:1 ListedInSceneOutliner:1 IsMainWorldOnly:0
 |   |   |- [+] [ 18]
 |   |   |   |- Guid:5FE7584649BB6F09265329A6C57CFD0D BaseClass: NativeClass:/Script/Engine.VolumetricCloud Name:VolumetricCloud_0 Label:VolumetricCloud SpatiallyLoaded:0 Bounds:IsValid=true, Min=(X=0.000 Y=0.000 Z=820.000), Max=(X=0.000 Y=0.000 Z=820.000) RuntimeGrid:None EditorOnly:0 RuntimeOnly:0 HLODRelevant:0 ListedInSceneOutliner:1 IsMainWorldOnly:0 FolderPath:Lighting FolderGuid:0BA5F0A04EADB18E70D5B180D08FA34B
 |   |   |- [+] [ 19]
 |   |   |   |- Guid:61391D344900612A77DFC3BA3E354907 BaseClass: NativeClass:/Script/Engine.ExponentialHeightFog Name:ExponentialHeightFog_0 Label:ExponentialHeightFog SpatiallyLoaded:0 Bounds:IsValid=true, Min=(X=-5600.000 Y=-50.000 Z=-6850.000), Max=(X=-5600.000 Y=-50.000 Z=-6850.000) RuntimeGrid:None EditorOnly:0 RuntimeOnly:0 HLODRelevant:0 ListedInSceneOutliner:1 IsMainWorldOnly:0 FolderPath:Lighting FolderGuid:0BA5F0A04EADB18E70D5B180D08FA34B
 |   |   |- [+] [ 20]
 |   |   |   |- Guid:619BD26144401D7A8934F9BE3FAD6941 BaseClass:/Game/Explorer/Blueprints/BP_molienda.BP_molienda_C NativeClass:/Script/Engine.Actor Name:BP_molienda_C_UAID_B4B5B6801FFD642E02_1088422681 Label:BP_molienda SpatiallyLoaded:1 Bounds:IsValid=true, Min=(X=1425.653 Y=1856.000 Z=-14.000), Max=(X=1591.013 Y=2064.000 Z=194.000) RuntimeGrid:None EditorOnly:0 RuntimeOnly:0 HLODRelevant:0 ListedInSceneOutliner:1 IsMainWorldOnly:0
 |   |   |- [+] [ 21]
 |   |   |   |- Guid:6E581F8849560842859308AAA74309E3 BaseClass: NativeClass:/Script/Engine.StaticMeshActor Name:StaticMeshActor_UAID_18C04D354C1AA92502_1485864324 Label:Wall_400x404 SpatiallyLoaded:1 Bounds:IsValid=true, Min=(X=100.000 Y=3280.000 Z=25.063), Max=(X=1251.847 Y=3300.000 Z=425.063) RuntimeGrid:None EditorOnly:0 RuntimeOnly:0 HLODRelevant:1 ListedInSceneOutliner:1 IsMainWorldOnly:0 FolderPath:Playground/Entorno FolderGuid:98F5E18442EFEFAF2580C29E54726DFA
 |   |   |- [+] [ 22]
 |   |   |   |- Guid:6FEFB3BD4EB37B849EF0D4AC80F83855 BaseClass: NativeClass:/Script/Engine.WorldDataLayers Name:WorldDataLayers Label:WorldDataLayers SpatiallyLoaded:0 Bounds:Invalid RuntimeGrid:None EditorOnly:0 RuntimeOnly:0 HLODRelevant:0 ListedInSceneOutliner:1 IsMainWorldOnly:1
 |   |   |- [+] [ 23]
 |   |   |   |- Guid:78CAF7514C7533F30BD2F19A017AAB65 BaseClass: NativeClass:/Script/Engine.StaticMeshActor Name:StaticMeshActor_0 Label:SM_Cube SpatiallyLoaded:1 Bounds:IsValid=true, Min=(X=0.000 Y=0.000 Z=-50.000), Max=(X=3000.000 Y=3500.000 Z=0.000) RuntimeGrid:None EditorOnly:0 RuntimeOnly:0 HLODRelevant:1 ListedInSceneOutliner:1 IsMainWorldOnly:0 FolderPath:Playground FolderGuid:6C02BB504B69D1F3D7A624B130C18E5B
 |   |   |- [+] [ 24]
 |   |   |   |- Guid:7D51A62B4FCAAE7EA926209D633DDEB6 BaseClass: NativeClass:/Script/Engine.StaticMeshActor Name:StaticMeshActor_UAID_18C04D354C1AAA2502_1719171510 Label:Wall_400x409 SpatiallyLoaded:1 Bounds:IsValid=true, Min=(X=1219.806 Y=1454.570 Z=25.063), Max=(X=1615.930 Y=1474.570 Z=425.063) RuntimeGrid:None EditorOnly:0 RuntimeOnly:0 HLODRelevant:1 ListedInSceneOutliner:1 IsMainWorldOnly:0 FolderPath:Playground/Entorno FolderGuid:98F5E18442EFEFAF2580C29E54726DFA
 |   |   |- [+] [ 25]
 |   |   |   |- Guid:7E7C764A447D6D43C432AC859F626004 BaseClass: NativeClass:/Script/Engine.StaticMeshActor Name:StaticMeshActor_UAID_18C04D354C1AA82502_1212039137 Label:Wall_400x401 SpatiallyLoaded:1 Bounds:IsValid=true, Min=(X=100.000 Y=800.000 Z=25.063), Max=(X=120.000 Y=3297.917 Z=425.063) RuntimeGrid:None EditorOnly:0 RuntimeOnly:0 HLODRelevant:1 ListedInSceneOutliner:1 IsMainWorldOnly:0 FolderPath:Playground/Entorno FolderGuid:98F5E18442EFEFAF2580C29E54726DFA
 |   |   |- [+] [ 26]
 |   |   |   |- Guid:9195B9B9499FBF2A44CF1DBC7DF4BADA BaseClass:/Game/Explorer/Blueprints/BP_cajonesliquidos.BP_cajonesliquidos_C NativeClass:/Script/Engine.Actor Name:BP_cajonesliquidos_C_UAID_B4B5B6801FFD652E02_1579682860 Label:BP_cajonesliquidos SpatiallyLoaded:1 Bounds:IsValid=true, Min=(X=255.252 Y=2163.881 Z=-11.766), Max=(X=530.000 Y=2513.921 Z=296.631) RuntimeGrid:None EditorOnly:0 RuntimeOnly:0 HLODRelevant:0 ListedInSceneOutliner:1 IsMainWorldOnly:0
 |   |   |- [+] [ 27]
 |   |   |   |- Guid:9F679D44464778989F9F5AB3CB787F9B BaseClass: NativeClass:/Script/Engine.StaticMeshActor Name:StaticMeshActor_UAID_18C04D354C1ABA2502_1516918342 Label:Wall_400x411 SpatiallyLoaded:1 Bounds:IsValid=true, Min=(X=1600.048 Y=801.544 Z=25.063), Max=(X=1620.048 Y=1473.351 Z=425.063) RuntimeGrid:None EditorOnly:0 RuntimeOnly:0 HLODRelevant:1 ListedInSceneOutliner:1 IsMainWorldOnly:0 FolderPath:Playground/Entorno FolderGuid:98F5E18442EFEFAF2580C29E54726DFA
 |   |   |- [+] [ 28]
 |   |   |   |- Guid:A354B1B24E617A525DC6B48CCDE2417E BaseClass: NativeClass:/Script/Engine.PlayerStart Name:PlayerStart_0 Label:PlayerStart SpatiallyLoaded:0 Bounds:IsValid=true, Min=(X=860.000 Y=810.000 Z=0.013), Max=(X=940.000 Y=890.000 Z=184.013) RuntimeGrid:None EditorOnly:0 RuntimeOnly:0 HLODRelevant:0 ListedInSceneOutliner:1 IsMainWorldOnly:0
 |   |   |- [+] [ 29]
 |   |   |   |- Guid:A9F44A7448752B69814175ACD6804A89 BaseClass:/Game/Explorer/Blueprints/BP_etiquetadora.BP_etiquetadora_C NativeClass:/Script/Engine.Actor Name:BP_etiquetadora_C_UAID_B4B5B6801FFD652E02_2078616861 Label:BP_etiquetadora SpatiallyLoaded:1 Bounds:IsValid=true, Min=(X=481.606 Y=2592.779 Z=-26.346), Max=(X=752.000 Y=2927.347 Z=238.227) RuntimeGrid:None EditorOnly:0 RuntimeOnly:0 HLODRelevant:0 ListedInSceneOutliner:1 IsMainWorldOnly:0
 |   |   |- [+] [ 30]
 |   |   |   |- Guid:B2E9AB3948076BE936E4A2B9EFBCACB9 BaseClass:/Game/Explorer/Blueprints/BP_enlatadora.BP_enlatadora_C NativeClass:/Script/Engine.Actor Name:BP_enlatadora_C_UAID_B4B5B6801FFD662E02_1642455038 Label:BP_enlatadora SpatiallyLoaded:1 Bounds:IsValid=true, Min=(X=490.895 Y=2909.471 Z=21.389), Max=(X=771.254 Y=3278.775 Z=262.000) RuntimeGrid:None EditorOnly:0 RuntimeOnly:0 HLODRelevant:0 ListedInSceneOutliner:1 IsMainWorldOnly:0
 |   |   |- [+] [ 31]
 |   |   |   |- Guid:C0C56B9644AE3D40CAFF6A878DB29844 BaseClass: NativeClass:/Script/Engine.StaticMeshActor Name:StaticMeshActor_UAID_A4AE111137DC5EFB00_2001720423 Label:SM_SkySphere SpatiallyLoaded:0 Bounds:IsValid=true, Min=(X=-1638400.000 Y=-1638400.000 Z=-1638400.000), Max=(X=1638400.000 Y=1638400.000 Z=1638400.000) RuntimeGrid:None EditorOnly:0 RuntimeOnly:0 HLODRelevant:0 ListedInSceneOutliner:1 IsMainWorldOnly:0 FolderPath:Lighting FolderGuid:0BA5F0A04EADB18E70D5B180D08FA34B
 |   |   |- [+] [ 32]
 |   |   |   |- Guid:C1E4B35744900DC6F0E9A09EA84196C9 BaseClass: NativeClass:/Script/Engine.StaticMeshActor Name:StaticMeshActor_UAID_B4B5B6801FFDF72F02_1162580601 Label:Cube2 SpatiallyLoaded:1 Bounds:IsValid=true, Min=(X=1300.000 Y=0.000 Z=2.500), Max=(X=1400.000 Y=100.000 Z=577.500) RuntimeGrid:None EditorOnly:0 RuntimeOnly:0 HLODRelevant:1 ListedInSceneOutliner:1 IsMainWorldOnly:0
 |   |   |- [+] [ 33]
 |   |   |   |- Guid:C22CE07C4B87D685137FDBBC10FC92C6 BaseClass: NativeClass:/Script/Engine.SkyAtmosphere Name:SkyAtmosphere_0 Label:SkyAtmosphere SpatiallyLoaded:0 Bounds:IsValid=true, Min=(X=0.000 Y=0.000 Z=1020.000), Max=(X=0.000 Y=0.000 Z=1020.000) RuntimeGrid:None EditorOnly:0 RuntimeOnly:0 HLODRelevant:0 ListedInSceneOutliner:1 IsMainWorldOnly:0 FolderPath:Lighting FolderGuid:0BA5F0A04EADB18E70D5B180D08FA34B
 |   |   |- [+] [ 34]
 |   |   |   |- Guid:C2B705F94A8CFF5E5D9455BEDD7F5DAC BaseClass:/Game/Explorer/Blueprints/BP_olla.BP_olla_C NativeClass:/Script/Engine.Actor Name:BP_olla_C_UAID_B4B5B6801FFD632E02_1191035504 Label:BP_olla SpatiallyLoaded:1 Bounds:IsValid=true, Min=(X=986.750 Y=1237.500 Z=3.662), Max=(X=1210.340 Y=1562.500 Z=207.471) RuntimeGrid:None EditorOnly:0 RuntimeOnly:0 HLODRelevant:0 ListedInSceneOutliner:1 IsMainWorldOnly:0
 |   |   |- [+] [ 35]
 |   |   |   |- Guid:C7EC8E234BAFC40D8E0CBFAB1CA86D18 BaseClass: NativeClass:/Script/Engine.StaticMeshActor Name:StaticMeshActor_UAID_B4B5B6801FFDF72F02_1205091603 Label:Cube4 SpatiallyLoaded:1 Bounds:IsValid=true, Min=(X=1400.000 Y=0.000 Z=2.500), Max=(X=1500.000 Y=100.000 Z=577.500) RuntimeGrid:None EditorOnly:0 RuntimeOnly:0 HLODRelevant:1 ListedInSceneOutliner:1 IsMainWorldOnly:0
 |   |   |- [+] [ 36]
 |   |   |   |- Guid:C9B3714E4941FF4F2F15919CCBC68BB8 BaseClass: NativeClass:/Script/Engine.StaticMeshActor Name:StaticMeshActor_UAID_B4B5B6801FFDF72F02_1249355607 Label:Cube8 SpatiallyLoaded:1 Bounds:IsValid=true, Min=(X=800.000 Y=0.000 Z=2.500), Max=(X=900.000 Y=100.000 Z=577.500) RuntimeGrid:None EditorOnly:0 RuntimeOnly:0 HLODRelevant:1 ListedInSceneOutliner:1 IsMainWorldOnly:0
 |   |   |- [+] [ 37]
 |   |   |   |- Guid:CBBEA8FA437C6E7201DF8D823900CEF5 BaseClass:/Game/Explorer/Blueprints/BP_tanques.BP_tanques_C NativeClass:/Script/Engine.Actor Name:BP_tanques_C_UAID_B4B5B6801FFD612E02_2026584148 Label:BP_tanques2 SpatiallyLoaded:1 Bounds:IsValid=true, Min=(X=285.241 Y=1533.059 Z=-4.436), Max=(X=600.000 Y=1761.996 Z=357.731) RuntimeGrid:None EditorOnly:0 RuntimeOnly:0 HLODRelevant:0 ListedInSceneOutliner:1 IsMainWorldOnly:0
 |   |   |- [+] [ 38]
 |   |   |   |- Guid:CBF8FB5D43660A4F16EC668D0C35B925 BaseClass: NativeClass:/Script/Engine.StaticMeshActor Name:StaticMeshActor_UAID_18C04D354C1AA82502_1742368142 Label:Pillar_50x500 SpatiallyLoaded:1 Bounds:IsValid=true, Min=(X=353.259 Y=1815.086 Z=25.063), Max=(X=466.741 Y=1924.914 Z=430.651) RuntimeGrid:None EditorOnly:0 RuntimeOnly:0 HLODRelevant:1 ListedInSceneOutliner:1 IsMainWorldOnly:0 FolderPath:Playground/Entorno FolderGuid:98F5E18442EFEFAF2580C29E54726DFA
 |   |   |- [+] [ 39]
 |   |   |   |- Guid:CD0130614FF36853376926ABB2A482BB BaseClass: NativeClass:/Script/Engine.StaticMeshActor Name:StaticMeshActor_UAID_B4B5B6801FFDF72F02_1276265609 Label:Cube10 SpatiallyLoaded:1 Bounds:IsValid=true, Min=(X=1700.000 Y=0.000 Z=2.500), Max=(X=1800.000 Y=100.000 Z=577.500) RuntimeGrid:None EditorOnly:0 RuntimeOnly:0 HLODRelevant:1 ListedInSceneOutliner:1 IsMainWorldOnly:0
 |   |   |- [+] [ 40]
 |   |   |   |- Guid:D1F7E87F47B0102A7DC45788C8B7C526 BaseClass: NativeClass:/Script/Engine.StaticMeshActor Name:StaticMeshActor_UAID_18C04D354C1AA92502_1520296325 Label:Wall_400x405 SpatiallyLoaded:1 Bounds:IsValid=true, Min=(X=100.000 Y=1170.000 Z=25.063), Max=(X=500.000 Y=1190.000 Z=425.063) RuntimeGrid:None EditorOnly:0 RuntimeOnly:0 HLODRelevant:1 ListedInSceneOutliner:1 IsMainWorldOnly:0 FolderPath:Playground/Entorno FolderGuid:98F5E18442EFEFAF2580C29E54726DFA
 |   |   |- [+] [ 41]
 |   |   |   |- Guid:DF525DA2405B5357A660C9A7709F15F4 BaseClass: NativeClass:/Script/Engine.StaticMeshActor Name:StaticMeshActor_UAID_18C04D354C1AA92502_1401250323 Label:Wall_400x403 SpatiallyLoaded:1 Bounds:IsValid=true, Min=(X=500.000 Y=2640.000 Z=25.063), Max=(X=520.000 Y=3300.036 Z=425.063) RuntimeGrid:None EditorOnly:0 RuntimeOnly:0 HLODRelevant:1 ListedInSceneOutliner:1 IsMainWorldOnly:0 FolderPath:Playground/Entorno FolderGuid:98F5E18442EFEFAF2580C29E54726DFA
 |   |   |- [+] [ 42]
 |   |   |   |- Guid:E35899254D63DD60211484AB4316EFF6 BaseClass: NativeClass:/Script/Engine.StaticMeshActor Name:StaticMeshActor_UAID_18C04D354C1AA72502_2014763959 Label:Floor_400x400 SpatiallyLoaded:1 Bounds:IsValid=true, Min=(X=100.000 Y=800.000 Z=-5.947), Max=(X=2003.900 Y=3300.000 Z=25.063) RuntimeGrid:None EditorOnly:0 RuntimeOnly:0 HLODRelevant:1 ListedInSceneOutliner:1 IsMainWorldOnly:0 FolderPath:Playground/Entorno FolderGuid:98F5E18442EFEFAF2580C29E54726DFA
 |   |   |- [+] [ 43]
 |   |   |   |- Guid:E4F65940459DF4D624FDE2A872A5C87D BaseClass:/Game/Explorer/Blueprints/BP_tanques.BP_tanques_C NativeClass:/Script/Engine.Actor Name:BP_tanques_C_UAID_B4B5B6801FFD622E02_1294640327 Label:BP_tanques5 SpatiallyLoaded:1 Bounds:IsValid=true, Min=(X=870.000 Y=2508.003 Z=-4.436), Max=(X=1184.759 Y=2736.941 Z=357.731) RuntimeGrid:None EditorOnly:0 RuntimeOnly:0 HLODRelevant:0 ListedInSceneOutliner:1 IsMainWorldOnly:0
 |   |   |- [+] [ 44]
 |   |   |   |- Guid:E5320C1B4FD9764CE7B54D8487AEC613 BaseClass: NativeClass:/Script/Engine.SkyLight Name:SkyLight_0 Label:SkyLight SpatiallyLoaded:0 Bounds:IsValid=true, Min=(X=0.000 Y=0.000 Z=690.000), Max=(X=0.000 Y=0.000 Z=690.000) RuntimeGrid:None EditorOnly:0 RuntimeOnly:0 HLODRelevant:0 ListedInSceneOutliner:1 IsMainWorldOnly:0 FolderPath:Lighting FolderGuid:0BA5F0A04EADB18E70D5B180D08FA34B
 |   |   |- [+] [ 45]
 |   |   |   |- Guid:E58D7AA74386F79D780829ABFAD8D845 BaseClass: NativeClass:/Script/Engine.StaticMeshActor Name:StaticMeshActor_UAID_18C04D354C1ABA2502_1600252345 Label:Wall_400x413 SpatiallyLoaded:1 Bounds:IsValid=true, Min=(X=1983.900 Y=801.544 Z=25.063), Max=(X=2003.900 Y=1473.351 Z=425.063) RuntimeGrid:None EditorOnly:0 RuntimeOnly:0 HLODRelevant:1 ListedInSceneOutliner:1 IsMainWorldOnly:0 FolderPath:Playground/Entorno FolderGuid:98F5E18442EFEFAF2580C29E54726DFA
 |   |   |- [+] [ 46]
 |   |   |   |- Guid:F0E557904C6F1522462AA995EC39D148 BaseClass: NativeClass:/Script/Engine.StaticMeshActor Name:StaticMeshActor_UAID_B4B5B6801FFDF72F02_1224540605 Label:Cube6 SpatiallyLoaded:1 Bounds:IsValid=true, Min=(X=1500.000 Y=0.000 Z=2.500), Max=(X=1600.000 Y=100.000 Z=577.500) RuntimeGrid:None EditorOnly:0 RuntimeOnly:0 HLODRelevant:1 ListedInSceneOutliner:1 IsMainWorldOnly:0
 |   |   |- [+] [ 47]
 |   |   |   |- Guid:F32A9F7B4CC513B7B1C96E9F54425A64 BaseClass: NativeClass:/Script/Engine.StaticMeshActor Name:StaticMeshActor_UAID_18C04D354C1AB92502_1681367159 Label:Wall_400x407 SpatiallyLoaded:1 Bounds:IsValid=true, Min=(X=1219.525 Y=800.569 Z=25.063), Max=(X=1239.525 Y=1692.592 Z=425.063) RuntimeGrid:None EditorOnly:0 RuntimeOnly:0 HLODRelevant:1 ListedInSceneOutliner:1 IsMainWorldOnly:0 FolderPath:Playground/Entorno FolderGuid:98F5E18442EFEFAF2580C29E54726DFA
 |   |   |- [+] [ 48]
 |   |   |   |- Guid:F421507649A3813B1E7D54839215D040 BaseClass:/Game/Explorer/Blueprints/BP_tanques.BP_tanques_C NativeClass:/Script/Engine.Actor Name:BP_tanques_C_UAID_B4B5B6801FFD612E02_1942200147 Label:BP_tanques SpatiallyLoaded:1 Bounds:IsValid=true, Min=(X=285.241 Y=1293.059 Z=-4.436), Max=(X=600.000 Y=1521.996 Z=357.731) RuntimeGrid:None EditorOnly:0 RuntimeOnly:0 HLODRelevant:0 ListedInSceneOutliner:1 IsMainWorldOnly:0
 |   |   |- [+] [ 49]
 |   |   |   |- Guid:F80621C9446867154938FE81375207DA BaseClass: NativeClass:/Script/Engine.DirectionalLight Name:DirectionalLight_1 Label:DirectionalLight SpatiallyLoaded:0 Bounds:Invalid RuntimeGrid:None EditorOnly:0 RuntimeOnly:0 HLODRelevant:0 ListedInSceneOutliner:1 IsMainWorldOnly:0 FolderPath:Lighting FolderGuid:0BA5F0A04EADB18E70D5B180D08FA34B
 |- ContainerInstances:
 |- [+] MainContainer:
 |   |-        ID: 00000000000000000000000000000000
 |   |-  ParentID: 00000000000000000000000000000000
 |   |-    Bounds: IsValid=false, Min=(X=0.000 Y=0.000 Z=0.000), Max=(X=0.000 Y=0.000 Z=0.000)
 |   |- Transform: 0.000000,0.000000,0.000000|0.000000,0.000000,-0.000000|1.000000,1.000000,1.000000
 |   |- Container: /Game/FirstPerson/Maps/FirstPersonMap
----------------------------------------------------------------------------------------------------------------
FirstPersonMap - Persistent Level
----------------------------------------------------------------------------------------------------------------
[+] Content of FirstPersonMap Persistent Level
 |- Always loaded Actor Count: 50 
 |- Actor Path: /Game/FirstPerson/Maps/FirstPersonMap.FirstPersonMap:PersistentLevel.BP_cajanegra_C_UAID_B4B5B6801FFD642E02_1848939683
 |- Actor Package: /Game/__ExternalActors__/FirstPerson/Maps/FirstPersonMap/C/M0/6M4P3663CLKNHHK9D8A5KC
 |- Actor Path: /Game/FirstPerson/Maps/FirstPersonMap.FirstPersonMap:PersistentLevel.BP_cajonesliquidos_C_UAID_B4B5B6801FFD652E02_1579682860
 |- Actor Package: /Game/__ExternalActors__/FirstPerson/Maps/FirstPersonMap/A/1N/MVHI4MNQ7JNTMW3KIU2TZJ
 |- Actor Path: /Game/FirstPerson/Maps/FirstPersonMap.FirstPersonMap:PersistentLevel.BP_enlatadora_C_UAID_B4B5B6801FFD662E02_1642455038
 |- Actor Package: /Game/__ExternalActors__/FirstPerson/Maps/FirstPersonMap/0/1E/NRREIJJSTLSC68AEWXVBAU
 |- Actor Path: /Game/FirstPerson/Maps/FirstPersonMap.FirstPersonMap:PersistentLevel.BP_etiquetadora_C_UAID_B4B5B6801FFD652E02_2078616861
 |- Actor Package: /Game/__ExternalActors__/FirstPerson/Maps/FirstPersonMap/B/VJ/INF6U3OFLWUT727JOUM5JH
 |- Actor Path: /Game/FirstPerson/Maps/FirstPersonMap.FirstPersonMap:PersistentLevel.BP_molienda_C_UAID_B4B5B6801FFD642E02_1088422681
 |- Actor Package: /Game/__ExternalActors__/FirstPerson/Maps/FirstPersonMap/D/90/QDOTHHJ6WSGK8ZUXUG7XMN
 |- Actor Path: /Game/FirstPerson/Maps/FirstPersonMap.FirstPersonMap:PersistentLevel.BP_olla_C_UAID_B4B5B6801FFD632E02_1191035504
 |- Actor Package: /Game/__ExternalActors__/FirstPerson/Maps/FirstPersonMap/5/G6/CD9IO7T91KA1QBV54W3ZLM
 |- Actor Path: /Game/FirstPerson/Maps/FirstPersonMap.FirstPersonMap:PersistentLevel.BP_tanques_C_UAID_B4B5B6801FFD612E02_1942200147
 |- Actor Package: /Game/__ExternalActors__/FirstPerson/Maps/FirstPersonMap/4/YV/K6WHZT13DFOGOAFS307X07
 |- Actor Path: /Game/FirstPerson/Maps/FirstPersonMap.FirstPersonMap:PersistentLevel.BP_tanques_C_UAID_B4B5B6801FFD612E02_2026584148
 |- Actor Package: /Game/__ExternalActors__/FirstPerson/Maps/FirstPersonMap/7/24/JHJUCERKGA8JD7HX3GNVCA
 |- Actor Path: /Game/FirstPerson/Maps/FirstPersonMap.FirstPersonMap:PersistentLevel.BP_tanques_C_UAID_B4B5B6801FFD612E02_2129582149
 |- Actor Package: /Game/__ExternalActors__/FirstPerson/Maps/FirstPersonMap/D/77/4QTO6BK3QCT0H002UFHMTV
 |- Actor Path: /Game/FirstPerson/Maps/FirstPersonMap.FirstPersonMap:PersistentLevel.BP_tanques_C_UAID_B4B5B6801FFD622E02_1124128326
 |- Actor Package: /Game/__ExternalActors__/FirstPerson/Maps/FirstPersonMap/2/RZ/BXFEXTIMBGMGU4S7JIJZRV
 |- Actor Path: /Game/FirstPerson/Maps/FirstPersonMap.FirstPersonMap:PersistentLevel.BP_tanques_C_UAID_B4B5B6801FFD622E02_1294640327
 |- Actor Package: /Game/__ExternalActors__/FirstPerson/Maps/FirstPersonMap/0/UZ/HVHQJXQORXGT5ZQ13D7G6D
 |- Actor Path: /Game/FirstPerson/Maps/FirstPersonMap.FirstPersonMap:PersistentLevel.DirectionalLight_1
 |- Actor Package: /Game/__ExternalActors__/FirstPerson/Maps/FirstPersonMap/0/WB/V4ALNTJYOVWM8BU452CKV5
 |- Actor Path: /Game/FirstPerson/Maps/FirstPersonMap.FirstPersonMap:PersistentLevel.ExponentialHeightFog_0
 |- Actor Package: /Game/__ExternalActors__/FirstPerson/Maps/FirstPersonMap/0/CL/381LM03PFI8AF9NED1SEV2
 |- Actor Path: /Game/FirstPerson/Maps/FirstPersonMap.FirstPersonMap:PersistentLevel.PlayerStart_0
 |- Actor Package: /Game/__ExternalActors__/FirstPerson/Maps/FirstPersonMap/8/Z7/W1SXRCM1KAKBJOIZDLHZ47
 |- Actor Path: /Game/FirstPerson/Maps/FirstPersonMap.FirstPersonMap:PersistentLevel.SkeletalMeshActor_UAID_18C04D354C1AA82502_1845489143
 |- Actor Package: /Game/__ExternalActors__/FirstPerson/Maps/FirstPersonMap/B/DC/TL32PYJ66Z2X2VXNQHIO1G
 |- Actor Path: /Game/FirstPerson/Maps/FirstPersonMap.FirstPersonMap:PersistentLevel.SkyAtmosphere_0
 |- Actor Package: /Game/__ExternalActors__/FirstPerson/Maps/FirstPersonMap/C/VO/VMN4G7K3NKKV6F8HTPHHDB
 |- Actor Path: /Game/FirstPerson/Maps/FirstPersonMap.FirstPersonMap:PersistentLevel.SkyLight_0
 |- Actor Package: /Game/__ExternalActors__/FirstPerson/Maps/FirstPersonMap/6/0Z/5RQIHCZ9W3UXRGL4LTLQAK
 |- Actor Path: /Game/FirstPerson/Maps/FirstPersonMap.FirstPersonMap:PersistentLevel.StaticMeshActor_0
 |- Actor Package: /Game/__ExternalActors__/FirstPerson/Maps/FirstPersonMap/7/L5/1ZJ54FMA0DAL3I2Q8RFAIB
 |- Actor Path: /Game/FirstPerson/Maps/FirstPersonMap.FirstPersonMap:PersistentLevel.StaticMeshActor_UAID_18C04D354C1AA72502_2014763959
 |- Actor Package: /Game/__ExternalActors__/FirstPerson/Maps/FirstPersonMap/7/N0/95J2YUKUWPT4V7S0GHL1PH
 |- Actor Path: /Game/FirstPerson/Maps/FirstPersonMap.FirstPersonMap:PersistentLevel.StaticMeshActor_UAID_18C04D354C1AA82502_1183701136
 |- Actor Package: /Game/__ExternalActors__/FirstPerson/Maps/FirstPersonMap/4/Q2/6PNWAMDQC9AKYP4BFP5U2G
 |- Actor Path: /Game/FirstPerson/Maps/FirstPersonMap.FirstPersonMap:PersistentLevel.StaticMeshActor_UAID_18C04D354C1AA82502_1212039137
 |- Actor Package: /Game/__ExternalActors__/FirstPerson/Maps/FirstPersonMap/8/F0/FTGNMV5MGUH5TE0K4VR8M2
 |- Actor Path: /Game/FirstPerson/Maps/FirstPersonMap.FirstPersonMap:PersistentLevel.StaticMeshActor_UAID_18C04D354C1AA82502_1742368142
 |- Actor Package: /Game/__ExternalActors__/FirstPerson/Maps/FirstPersonMap/6/QM/UZB02J7A7FJYX2UK25TZGG
 |- Actor Path: /Game/FirstPerson/Maps/FirstPersonMap.FirstPersonMap:PersistentLevel.StaticMeshActor_UAID_18C04D354C1AA92502_1327101321
 |- Actor Package: /Game/__ExternalActors__/FirstPerson/Maps/FirstPersonMap/1/E7/JISYVUY3LW3F19ITNOIGJ1
 |- Actor Path: /Game/FirstPerson/Maps/FirstPersonMap.FirstPersonMap:PersistentLevel.StaticMeshActor_UAID_18C04D354C1AA92502_1401250323
 |- Actor Package: /Game/__ExternalActors__/FirstPerson/Maps/FirstPersonMap/8/NR/IBNQPA1IO002XZ52E4E245
 |- Actor Path: /Game/FirstPerson/Maps/FirstPersonMap.FirstPersonMap:PersistentLevel.StaticMeshActor_UAID_18C04D354C1AA92502_1485864324
 |- Actor Package: /Game/__ExternalActors__/FirstPerson/Maps/FirstPersonMap/7/HY/C9LT42KYQ0MIY0B5LG61ON
 |- Actor Path: /Game/FirstPerson/Maps/FirstPersonMap.FirstPersonMap:PersistentLevel.StaticMeshActor_UAID_18C04D354C1AA92502_1520296325
 |- Actor Package: /Game/__ExternalActors__/FirstPerson/Maps/FirstPersonMap/6/MW/V785CZ44LTTNZFIWZ7N46K
 |- Actor Path: /Game/FirstPerson/Maps/FirstPersonMap.FirstPersonMap:PersistentLevel.StaticMeshActor_UAID_18C04D354C1AAA2502_1642495509
 |- Actor Package: /Game/__ExternalActors__/FirstPerson/Maps/FirstPersonMap/E/QD/O8ARDOUE7JP5PFPAD122S9
 |- Actor Path: /Game/FirstPerson/Maps/FirstPersonMap.FirstPersonMap:PersistentLevel.StaticMeshActor_UAID_18C04D354C1AAA2502_1719171510
 |- Actor Package: /Game/__ExternalActors__/FirstPerson/Maps/FirstPersonMap/7/RH/3BPA25M1PR7H9LDILPW767
 |- Actor Path: /Game/FirstPerson/Maps/FirstPersonMap.FirstPersonMap:PersistentLevel.StaticMeshActor_UAID_18C04D354C1AAA2502_1744066511
 |- Actor Package: /Game/__ExternalActors__/FirstPerson/Maps/FirstPersonMap/C/6G/7Z9XO1TBMFDNYCOYZEBOB1
 |- Actor Path: /Game/FirstPerson/Maps/FirstPersonMap.FirstPersonMap:PersistentLevel.StaticMeshActor_UAID_18C04D354C1AB92502_1630368158
 |- Actor Package: /Game/__ExternalActors__/FirstPerson/Maps/FirstPersonMap/3/HF/38ZEDUT8GS7A36AEQN5QTF
 |- Actor Path: /Game/FirstPerson/Maps/FirstPersonMap.FirstPersonMap:PersistentLevel.StaticMeshActor_UAID_18C04D354C1AB92502_1681367159
 |- Actor Package: /Game/__ExternalActors__/FirstPerson/Maps/FirstPersonMap/9/DN/E980VXY4XKXTJ75YWKSJTC
 |- Actor Path: /Game/FirstPerson/Maps/FirstPersonMap.FirstPersonMap:PersistentLevel.StaticMeshActor_UAID_18C04D354C1AB92502_1773533160
 |- Actor Package: /Game/__ExternalActors__/FirstPerson/Maps/FirstPersonMap/E/E5/QP8I342PRWSKSNBNV556TH
 |- Actor Path: /Game/FirstPerson/Maps/FirstPersonMap.FirstPersonMap:PersistentLevel.StaticMeshActor_UAID_18C04D354C1ABA2502_1430499341
 |- Actor Package: /Game/__ExternalActors__/FirstPerson/Maps/FirstPersonMap/A/D8/D2E3OL7KHWCH97VUVTFV5E
 |- Actor Path: /Game/FirstPerson/Maps/FirstPersonMap.FirstPersonMap:PersistentLevel.StaticMeshActor_UAID_18C04D354C1ABA2502_1516918342
 |- Actor Package: /Game/__ExternalActors__/FirstPerson/Maps/FirstPersonMap/D/24/H46TY7DNWKMCYEKBNHWPN7
 |- Actor Path: /Game/FirstPerson/Maps/FirstPersonMap.FirstPersonMap:PersistentLevel.StaticMeshActor_UAID_18C04D354C1ABA2502_1600243343
 |- Actor Package: /Game/__ExternalActors__/FirstPerson/Maps/FirstPersonMap/9/F0/YQQ6O6NA3UT6AQUDQPGIY0
 |- Actor Path: /Game/FirstPerson/Maps/FirstPersonMap.FirstPersonMap:PersistentLevel.StaticMeshActor_UAID_18C04D354C1ABA2502_1600248344
 |- Actor Package: /Game/__ExternalActors__/FirstPerson/Maps/FirstPersonMap/5/62/E44MKLPNMG0JDFZVHKFTGY
 |- Actor Path: /Game/FirstPerson/Maps/FirstPersonMap.FirstPersonMap:PersistentLevel.StaticMeshActor_UAID_18C04D354C1ABA2502_1600252345
 |- Actor Package: /Game/__ExternalActors__/FirstPerson/Maps/FirstPersonMap/E/0F/EIGWG32U5BFIGSI42LLJQW
 |- Actor Path: /Game/FirstPerson/Maps/FirstPersonMap.FirstPersonMap:PersistentLevel.StaticMeshActor_UAID_A4AE111137DC5EFB00_2001720423
 |- Actor Package: /Game/__ExternalActors__/FirstPerson/Maps/FirstPersonMap/C/ZU/PDQ0AB8RLNMVID876FD49G
 |- Actor Path: /Game/FirstPerson/Maps/FirstPersonMap.FirstPersonMap:PersistentLevel.StaticMeshActor_UAID_B4B5B6801FFDF62F02_2109228424
 |- Actor Package: /Game/__ExternalActors__/FirstPerson/Maps/FirstPersonMap/6/BU/XKDJGPA0UQB25TZPLCJRII
 |- Actor Path: /Game/FirstPerson/Maps/FirstPersonMap.FirstPersonMap:PersistentLevel.StaticMeshActor_UAID_B4B5B6801FFDF72F02_1162580601
 |- Actor Package: /Game/__ExternalActors__/FirstPerson/Maps/FirstPersonMap/E/UK/M84134Q037D1M3627WLX0M
 |- Actor Path: /Game/FirstPerson/Maps/FirstPersonMap.FirstPersonMap:PersistentLevel.StaticMeshActor_UAID_B4B5B6801FFDF72F02_1193576602
 |- Actor Package: /Game/__ExternalActors__/FirstPerson/Maps/FirstPersonMap/6/TJ/K7FASEZOERYIH932POQUOM
 |- Actor Path: /Game/FirstPerson/Maps/FirstPersonMap.FirstPersonMap:PersistentLevel.StaticMeshActor_UAID_B4B5B6801FFDF72F02_1205091603
 |- Actor Package: /Game/__ExternalActors__/FirstPerson/Maps/FirstPersonMap/2/16/9QZOKSWYI9334KCAS46JXS
 |- Actor Path: /Game/FirstPerson/Maps/FirstPersonMap.FirstPersonMap:PersistentLevel.StaticMeshActor_UAID_B4B5B6801FFDF72F02_1217308604
 |- Actor Package: /Game/__ExternalActors__/FirstPerson/Maps/FirstPersonMap/D/MW/WM9JJIFUK8PAMELBR57ILO
 |- Actor Path: /Game/FirstPerson/Maps/FirstPersonMap.FirstPersonMap:PersistentLevel.StaticMeshActor_UAID_B4B5B6801FFDF72F02_1224540605
 |- Actor Package: /Game/__ExternalActors__/FirstPerson/Maps/FirstPersonMap/B/ER/BCJB0O2O0AC54NNIUSDFHF
 |- Actor Path: /Game/FirstPerson/Maps/FirstPersonMap.FirstPersonMap:PersistentLevel.StaticMeshActor_UAID_B4B5B6801FFDF72F02_1237607606
 |- Actor Package: /Game/__ExternalActors__/FirstPerson/Maps/FirstPersonMap/7/LK/E2NO5NDXZZNWYK0HM1S50R
 |- Actor Path: /Game/FirstPerson/Maps/FirstPersonMap.FirstPersonMap:PersistentLevel.StaticMeshActor_UAID_B4B5B6801FFDF72F02_1249355607
 |- Actor Package: /Game/__ExternalActors__/FirstPerson/Maps/FirstPersonMap/A/QI/O127DAYHI84XRJR422RCIX
 |- Actor Path: /Game/FirstPerson/Maps/FirstPersonMap.FirstPersonMap:PersistentLevel.StaticMeshActor_UAID_B4B5B6801FFDF72F02_1264996608
 |- Actor Package: /Game/__ExternalActors__/FirstPerson/Maps/FirstPersonMap/6/UP/Q9C4OG3M8NDM520ZODKYIO
 |- Actor Path: /Game/FirstPerson/Maps/FirstPersonMap.FirstPersonMap:PersistentLevel.StaticMeshActor_UAID_B4B5B6801FFDF72F02_1276265609
 |- Actor Package: /Game/__ExternalActors__/FirstPerson/Maps/FirstPersonMap/E/I0/9VIUOUFO0RH5DX2DIYVP9J
 |- Actor Path: /Game/FirstPerson/Maps/FirstPersonMap.FirstPersonMap:PersistentLevel.VolumetricCloud_0
 |- Actor Package: /Game/__ExternalActors__/FirstPerson/Maps/FirstPersonMap/0/GO/I8WEFD3RY9V3NVQLSU6QM4
 |- Actor Path: /Game/FirstPerson/Maps/FirstPersonMap.FirstPersonMap:PersistentLevel.WorldDataLayers
 |- Actor Package: /Game/__ExternalActors__/FirstPerson/Maps/FirstPersonMap/D/0W/E1FKEGVKGOLM7HGLQPCIPO

----------------------------------------------------------------------------------------------------------------
FirstPersonMap - Runtime Hash Set
----------------------------------------------------------------------------------------------------------------

