[+] Containers:
 |- [+] Container: /Game/FirstPerson/Maps/Explorer
 |   |- [+] ActorDescs:
 |   |   |- Guid:16C72D874B4713ABC450F685AFEC6FED BaseClass: NativeClass:/Script/Engine.WorldDataLayers Name:WorldDataLayers Label:None SpatiallyLoaded:0 Bounds:Invalid RuntimeGrid:None EditorOnly:0 RuntimeOnly:0 HLODRelevant:0 ListedInSceneOutliner:1 IsMainWorldOnly:1
 |   |- [+] Clusters:
 |   |   |- [+] [  0]
 |   |   |   |- Guid:16C72D874B4713ABC450F685AFEC6FED BaseClass: NativeClass:/Script/Engine.WorldDataLayers Name:WorldDataLayers Label:None SpatiallyLoaded:0 Bounds:Invalid RuntimeGrid:None EditorOnly:0 RuntimeOnly:0 HLODRelevant:0 ListedInSceneOutliner:1 IsMainWorldOnly:1
 |- ContainerInstances:
 |- [+] MainContainer:
 |   |-        ID: 00000000000000000000000000000000
 |   |-  ParentID: 00000000000000000000000000000000
 |   |-    Bounds: IsValid=false, Min=(X=0.000 Y=0.000 Z=0.000), Max=(X=0.000 Y=0.000 Z=0.000)
 |   |- Transform: 0.000000,0.000000,0.000000|0.000000,0.000000,-0.000000|1.000000,1.000000,1.000000
 |   |- Container: /Game/FirstPerson/Maps/Explorer
----------------------------------------------------------------------------------------------------------------
Explorer - Persistent Level
----------------------------------------------------------------------------------------------------------------
[+] Content of Explorer Persistent Level
 |- Always loaded Actor Count: 1 
 |- Actor Path: /Game/FirstPerson/Maps/Explorer.Explorer:PersistentLevel.WorldDataLayers
 |- Actor Package: /Game/__ExternalActors__/FirstPerson/Maps/Explorer/C/BP/SMX34MRSXFS03OQZBNZ41I

----------------------------------------------------------------------------------------------------------------
Explorer - Runtime Hash Set
----------------------------------------------------------------------------------------------------------------

